<?xml version="1.0" encoding="UTF-8"?>
<testsuite xmlns:xsi="http://www.w3.org/2001/XMLSchema-instance" xsi:noNamespaceSchemaLocation="https://maven.apache.org/surefire/maven-surefire-plugin/xsd/surefire-test-report.xsd" name="TestSuite" time="0.485" tests="10" errors="0" skipped="0" failures="0">
  <properties>
[...]
</properties>
  <testcase name="test01Add" classname="testng.Test01Add" time="0.006"/>
  <testcase name="test02Add" classname="testng.Test01Add" time="0"/>
  <testcase name="test01" classname="testng.Test02Time" time="0"/>
  <testcase name="test02" classname="testng.Test02Time" time="0.001"/>
  <testcase name="one" classname="testng.Test03Order" time="0"/>
  <testcase name="two" classname="testng.Test03Order" time="0"/>
  <testcase name="three" classname="testng.Test03Order" time="0"/>
  <testcase name="openApp" classname="testng.Test08Depend" time="0"/>
  <testcase name="inputUsername" classname="testng.Test08Depend" time="0"/>
  <testcase name="login" classname="testng.Test08Depend" time="0"/>
</testsuite>