<?xml version="1.0" encoding="UTF-8"?>
<testng-results ignored="1" total="11" passed="10" failed="0" skipped="0">
  <reporter-output>
  </reporter-output>
  <suite started-at="2023-12-26T19:10:06 CST" name="suite" finished-at="2023-12-26T19:10:06 CST" duration-ms="35">
    <groups>
    </groups>
    <test started-at="2023-12-26T19:10:06 CST" name="login" finished-at="2023-12-26T19:10:06 CST" duration-ms="35">
      <class name="testng.Test01Add">
        <test-method signature="test01Add()[pri:0, instance:testng.Test01Add@71b1176b]" started-at="2023-12-26T19:10:06 CST" name="test01Add" finished-at="2023-12-26T19:10:06 CST" duration-ms="5" status="PASS">
          <reporter-output>
          </reporter-output>
        </test-method> <!-- test01Add -->
        <test-method signature="test02Add()[pri:0, instance:testng.Test01Add@71b1176b]" started-at="2023-12-26T19:10:06 CST" name="test02Add" finished-at="2023-12-26T19:10:06 CST" duration-ms="0" status="PASS">
          <reporter-output>
          </reporter-output>
        </test-method> <!-- test02Add -->
      </class> <!-- testng.Test01Add -->
      <class name="testng.Test02Time">
        <test-method is-config="true" signature="beforeClass()[pri:0, instance:testng.Test02Time@6193932a]" started-at="2023-12-26T19:10:06 CST" name="beforeClass" finished-at="2023-12-26T19:10:06 CST" duration-ms="1" status="PASS">
          <reporter-output>
          </reporter-output>
        </test-method> <!-- beforeClass -->
        <test-method is-config="true" signature="before()[pri:0, instance:testng.Test02Time@6193932a]" started-at="2023-12-26T19:10:06 CST" name="before" finished-at="2023-12-26T19:10:06 CST" duration-ms="0" status="PASS">
          <reporter-output>
          </reporter-output>
        </test-method> <!-- before -->
        <test-method signature="test01()[pri:0, instance:testng.Test02Time@6193932a]" started-at="2023-12-26T19:10:06 CST" name="test01" finished-at="2023-12-26T19:10:06 CST" duration-ms="0" status="PASS">
          <reporter-output>
          </reporter-output>
        </test-method> <!-- test01 -->
        <test-method is-config="true" signature="before()[pri:0, instance:testng.Test02Time@6193932a]" started-at="2023-12-26T19:10:06 CST" name="before" finished-at="2023-12-26T19:10:06 CST" duration-ms="0" status="PASS">
          <reporter-output>
          </reporter-output>
        </test-method> <!-- before -->
        <test-method is-config="true" signature="after()[pri:0, instance:testng.Test02Time@6193932a]" started-at="2023-12-26T19:10:06 CST" name="after" finished-at="2023-12-26T19:10:06 CST" duration-ms="0" status="PASS">
          <reporter-output>
          </reporter-output>
        </test-method> <!-- after -->
        <test-method signature="test02()[pri:0, instance:testng.Test02Time@6193932a]" started-at="2023-12-26T19:10:06 CST" name="test02" finished-at="2023-12-26T19:10:06 CST" duration-ms="0" status="PASS">
          <reporter-output>
          </reporter-output>
        </test-method> <!-- test02 -->
        <test-method is-config="true" signature="afterClass()[pri:0, instance:testng.Test02Time@6193932a]" started-at="2023-12-26T19:10:06 CST" name="afterClass" finished-at="2023-12-26T19:10:06 CST" duration-ms="0" status="PASS">
          <reporter-output>
          </reporter-output>
        </test-method> <!-- afterClass -->
        <test-method is-config="true" signature="after()[pri:0, instance:testng.Test02Time@6193932a]" started-at="2023-12-26T19:10:06 CST" name="after" finished-at="2023-12-26T19:10:06 CST" duration-ms="0" status="PASS">
          <reporter-output>
          </reporter-output>
        </test-method> <!-- after -->
      </class> <!-- testng.Test02Time -->
      <class name="testng.Test08Depend">
        <test-method signature="openApp()[pri:0, instance:testng.Test08Depend@159f197]" started-at="2023-12-26T19:10:06 CST" name="openApp" finished-at="2023-12-26T19:10:06 CST" duration-ms="0" status="PASS">
          <reporter-output>
          </reporter-output>
        </test-method> <!-- openApp -->
        <test-method signature="inputUsername()[pri:0, instance:testng.Test08Depend@159f197]" started-at="2023-12-26T19:10:06 CST" name="inputUsername" finished-at="2023-12-26T19:10:06 CST" depends-on-methods="testng.Test08Depend.openApp" duration-ms="0" status="PASS">
          <reporter-output>
          </reporter-output>
        </test-method> <!-- inputUsername -->
        <test-method signature="login()[pri:0, instance:testng.Test08Depend@159f197]" started-at="2023-12-26T19:10:06 CST" name="login" finished-at="2023-12-26T19:10:06 CST" depends-on-methods="testng.Test08Depend.inputUsername" duration-ms="1" status="PASS">
          <reporter-output>
          </reporter-output>
        </test-method> <!-- login -->
      </class> <!-- testng.Test08Depend -->
      <class name="testng.Test03Order">
        <test-method signature="one()[pri:0, instance:testng.Test03Order@647fd8ce]" started-at="2023-12-26T19:10:06 CST" name="one" finished-at="2023-12-26T19:10:06 CST" duration-ms="0" status="PASS">
          <reporter-output>
          </reporter-output>
        </test-method> <!-- one -->
        <test-method signature="two()[pri:0, instance:testng.Test03Order@647fd8ce]" started-at="2023-12-26T19:10:06 CST" name="two" finished-at="2023-12-26T19:10:06 CST" duration-ms="1" status="PASS">
          <reporter-output>
          </reporter-output>
        </test-method> <!-- two -->
        <test-method signature="three()[pri:0, instance:testng.Test03Order@647fd8ce]" started-at="2023-12-26T19:10:06 CST" name="three" finished-at="2023-12-26T19:10:06 CST" duration-ms="0" status="PASS">
          <reporter-output>
          </reporter-output>
        </test-method> <!-- three -->
      </class> <!-- testng.Test03Order -->
    </test> <!-- login -->
  </suite> <!-- suite -->
</testng-results>
