<?xml version="1.0" encoding="UTF-8"?>
<!-- Generated by org.testng.reporters.JUnitXMLReporter -->
<testsuite ignored="1" hostname="DESKTOP-0VDI19I" failures="0" tests="10" name="login" time="0.035" errors="0" timestamp="2023-12-26T19:10:06 CST">
  <testcase classname="testng.Test01Add" name="test01Add" time="0.005"/>
  <testcase classname="testng.Test01Add" name="test02Add" time="0.0"/>
  <testcase classname="testng.Test02Time" name="test01" time="0.0"/>
  <testcase classname="testng.Test02Time" name="test02" time="0.0"/>
  <testcase classname="testng.Test03Order" name="one" time="0.0"/>
  <testcase classname="testng.Test03Order" name="two" time="0.001"/>
  <testcase classname="testng.Test03Order" name="three" time="0.0"/>
  <testcase classname="testng.Test08Depend" name="openApp" time="0.0"/>
  <testcase classname="testng.Test08Depend" name="inputUsername" time="0.0"/>
  <testcase classname="testng.Test08Depend" name="login" time="0.001"/>
  <testcase classname="testng.Test03Order" name="four" time="0.0">
    <ignored/>
  </testcase> <!-- four -->
</testsuite> <!-- login -->
